$('.entry-content div').eq(6).map((i, elem) => $(elem).find('table > tbody > tr > td').each((i, elem) => {
    const title_name = $(elem).find('strong').text();
    const storage = { storage_a: $(elem).find('ul li:nth-child(1)').text(), storage_b: $(elem).find('ul li:nth-child(2)').text() };
    const sub_type = $(elem).find('a').text();

    console.log(sub_type);
}))
VM20874:6 
VM20874:6 Forever FREE
VM20874:6 
VM20874:6 $5/month
VM20874:6 
VM20874:6 $8/month
VM20874:6 
VM20874:6 $10/month
VM20874:6 
VM20874:6 $15/month
VM20874:6 
VM20874:6 $5/month
VM20874:6 
VM20874:6 $8/month
VM20874:6 
VM20874:6 $15/month
S.fn.init [S.fn.init(16), prevObject: S.fn.init(1)]
