$('.entry-content > div > table').map((i, element) => {
    if(i >= 1){
        const td_one = $(element).find('tr > td:nth-child(1)').map((i, elem) => {
            const plan_type = $(elem).find('strong').text().trim();
            const storage_type = $(elem).find('ul').text().trim();
            
            return {'plan': plan_type, 'storage': storage_type};
        })
        const td_two = $(element).find('tr > td:nth-child(2)').map((i, elem) => {
            const bill_type = $(elem).find('a').text().trim();
           
            return {'bill': bill_type};
        })
        console.log(td_one[0], td_two[0]);    
        console.log(td_one[1], td_two[1]);  
    }
})
VM13942:14 {plan: "Personal Free Plan", storage: "5 GB Storage 5 GB Transfer"} {bill: "Forever FREE"}
VM13942:15 {plan: "Personal Mini Plan", storage: "200 GB Storage 200 GB Transfer"} {bill: "$5/month"}
VM13942:14 {plan: "Free Plan", storage: "10 GB Storage"} {bill: "Forever FREE"}
VM13942:15 {plan: "Premium Plan", storage: "500 GB Storage"} {bill: "$4.99/month$3.99/month$175"}
VM13942:14 {plan: "Free Plan", storage: "10 GB storage 3 GB bandwidth limit"} {bill: "FREE"}
VM13942:15 {plan: "Lite Plan", storage: "150 GB storage 250 GB bandwidth limit"} {bill: "$19.99 per year$59 lifetime"}
S.fn.init [prevObject: S.fn.init(4)]
