$('.entry-content > div > table').map((i, element) => {
    if(i != 0){
        const td_one = $(element).find('tr > td:nth-child(1)').each((i, elem) => {
            const plan_type = $(elem).find('strong').each((i, elem) => {
                return {'plan_type': $(elem).text()};
            });
            const storage_type = $(elem).find('ul').text().trim();

            if(storage_type != ''){
                console.log({'plan': plan_type.text(), 'storage': storage_type});
            }
        });
        const td_two = $(element).find('tr > td:nth-child(2)').map((i, elem) => {
            const bill_type = $(elem).find('a').text().trim();

            //return {'bill': bill_type};
        });
    }
})
VM1642:10 {plan: "Personal Free Plan", storage: "5 GB Storage 5 GB Transfer"}
VM1642:10 {plan: "Personal Mini Plan", storage: "200 GB Storage 200 GB Transfer"}
VM1642:10 {plan: "Pro Solo Basic Plan", storage: "2 TB Storage Unlimited Transfer"}
VM1642:10 {plan: "Pro Solo Standard Plan", storage: "3 TB Storage Unlimited Transfer"}
VM1642:10 {plan: "Pro Solo Plus Plan", storage: "4 TB Storage Unlimited Transfer"}
VM1642:10 {plan: "Pro Teams Standard Plan", storage: "1 TB Storage per user Unlimited Transfer"}
VM1642:10 {plan: "Pro Teams Plus Plan", storage: "4 TB Storage per user Unlimited Transfer"}
VM1642:10 {plan: "Pro Teams Advanced Plan", storage: "10 TB Storage per user Unlimited Transfer"}
VM1642:10 {plan: "Free Plan", storage: "10 GB Storage"}
VM1642:10 {plan: "Premium Plan", storage: "500 GB Storage"}
VM1642:10 {plan: "Premium Plus Plan", storage: "2 TB Storage"}
VM1642:10 {plan: "Business Plan", storage: "1 TB Storage per user"}
VM1642:10 {plan: "Family Plan", storage: "2 TB Storage (up to 5 users)"}
VM1642:10 {plan: "Free Plan", storage: "10 GB storage 3 GB bandwidth limit"}
VM1642:10 {plan: "Lite Plan", storage: "150 GB storage 250 GB bandwidth limit"}
VM1642:10 {plan: "Pro Plan", storage: "1 TB storage 2 TB bandwidth limit"}
VM1642:10 {plan: "Pro+ Plan", storage: "5 TB storage 8 TB bandwidth limit"}
S.fn.init [prevObject: S.fn.init(4)]
