function main(){
    const document_name = 'NordLocker';
    const getListing = $('.Pricing > .h-full').map((index, element) => {
        const desc = [];
        const audience = '';
        const info = $(element).find('.px-3').text().trim();
        const plan_name = '';
        const yearly_plan = '';
        const user_plan = function(elem){
            const user_type = {'user_type': ''}
            const storage = $(elem).find('.mb-6').map((index, element) => {
                return {'storage': $(element).find('.text-lead').text().trim()};
            })
            return {'user_type': user_type, 'storage': storage[0]};
        }
        const monthly = $(element).find('.mt-auto > .mb-3 > .flex').text().replace('/','').replace('mo','');
        const details_info = $(element).find('.mt-auto').map((index, element) => {
            const info = $(element).find('.mb-2 > .flex > .text-small').map((index, element) => {
                const detail = 'detail_' + index.toString();
                const detail_info = $(element).text().trim();
                
                return {[detail]: detail_info}
            });
            return info;
        });
        const details = [];
        for(let i = 0; i < details_info[0].length; i++){
            details.push(details_info[0][i]);
        }
        
        desc.push({
            'audience': audience, 
            'user_plan': user_plan(element), 
            'monthly': '$' + monthly, 
            'info': info,
            'plan_name': plan_name, 
            'yearly_plan': yearly_plan,
            'details': details
        });
        return {'name': document_name, 'desc': desc[0]};
    }).get()
    console.log(getListing);
}
main();
146-868744b19f6bcb75eb4a.js:1 (2) [{…}, {…}]0: desc: audience: ""details: Array(5)0: {detail_0: "3 GB free cloud storage"}1: {detail_1: "Unlimited end-to-end encryption"}2: {detail_2: "File sharing"}3: {detail_3: "Automatic data backup"}4: {detail_4: "File name encryption"}length: 5__proto__: Array(0)info: ""monthly: "$0.00"plan_name: ""user_plan: {user_type: {…}, storage: {…}}yearly_plan: ""__proto__: Objectname: "NordLocker"__proto__: Object1: {name: "NordLocker", desc: {…}}length: 2__proto__: Array(0)
undefined
