$('.CzTxdd').map((index, element) => {
    const storage = $(element).find('.Qnu87d').map((index, element) => { return {'storage': $(element).text().trim()} })
    const type = $(element).find('.tKV7vb').map((index, element) => { return {'type': $(element).find('span').text().trim()} })
    const price_type = $(element).find('.VfPpkd-vQzf8d').map((index, element) => { 
        const price = $(element).find('div > span').text().trim();
        console.log('PRICE: ' + price);
        //return {'price': $(element).find('div > span').text().trim()}
    })
    //const yrly_price = $(element).find('.VfPpkd-vQzf8d').text().trim()

    //if(yrly_price.length >= 20) {
        //const yrly_price_fix = yrly_price.substring(13)
        //console.log(yrly_price_fix)
    //}
    console.log('STORAGE: ' + storage[0].storage)
    
    if(type.length != 0){
        console.log('TYPE 2: ' + type[0].type, type.length)
    }
})
VM11403:15 STORAGE: 15 GB
VM11403:18 TYPE 2: Free 1
VM11403:6 PRICE: £1.59 / month
VM11403:6 PRICE: 
VM11403:15 STORAGE: 100 GB
VM11403:6 PRICE: £2.49 / month
VM11403:6 PRICE: 
VM11403:15 STORAGE: 200 GB
VM11403:6 PRICE: £7.99 / month
VM11403:6 PRICE: 
VM11403:15 STORAGE: 2 TB
VM11403:6 PRICE: £39.99 / month
VM11403:15 STORAGE: 10 TB
VM11403:6 PRICE: £79.99 / month
VM11403:15 STORAGE: 20 TB
VM11403:6 PRICE: £119.99 / month
VM11403:15 STORAGE: 30 TB
S.fn.init [prevObject: S.fn.init(7)]
